[2026-05-09T17:01:43.340Z] [debug] [vite] connecting...
[2026-05-09T17:01:43.373Z] [debug] [vite] connected.
[2026-05-09T17:01:43.478Z] [info] %cDownload the React DevTools for a better development experience: https://reactjs.org/link/react-devtools font-weight:bold
[2026-05-09T17:01:43.555Z] [warning] ⚠️ React Router Future Flag Warning: React Router will begin wrapping state updates in `React.startTransition` in v7. You can use the `v7_startTransition` future flag to opt-in early. For more information, see https://reactrouter.com/v6/upgrading/future#v7_starttransition.
[2026-05-09T17:01:43.555Z] [warning] ⚠️ React Router Future Flag Warning: Relative route resolution within Splat routes is changing in v7. You can use the `v7_relativeSplatPath` future flag to opt-in early. For more information, see https://reactrouter.com/v6/upgrading/future#v7_relativesplatpath.
[2026-05-09T17:01:43.555Z] [warning] WebSocket connection to 'ws://localhost:5173/ws' failed: WebSocket is closed before the connection is established.
[2026-05-09T17:01:43.579Z] [error] Failed to load resource: the server responded with a status of 401 (Unauthorized)
[2026-05-09T17:01:43.595Z] [error] Failed to load resource: the server responded with a status of 401 (Unauthorized)
[2026-05-09T17:01:57.442Z] [debug] [vite] connecting...
[2026-05-09T17:01:57.447Z] [debug] [vite] connected.
[2026-05-09T17:01:57.473Z] [info] %cDownload the React DevTools for a better development experience: https://reactjs.org/link/react-devtools font-weight:bold
[2026-05-09T17:01:57.542Z] [warning] ⚠️ React Router Future Flag Warning: React Router will begin wrapping state updates in `React.startTransition` in v7. You can use the `v7_startTransition` future flag to opt-in early. For more information, see https://reactrouter.com/v6/upgrading/future#v7_starttransition.
[2026-05-09T17:01:57.542Z] [warning] ⚠️ React Router Future Flag Warning: Relative route resolution within Splat routes is changing in v7. You can use the `v7_relativeSplatPath` future flag to opt-in early. For more information, see https://reactrouter.com/v6/upgrading/future#v7_relativesplatpath.
[2026-05-09T17:01:57.542Z] [warning] WebSocket connection to 'ws://localhost:5173/ws' failed: WebSocket is closed before the connection is established.
[2026-05-09T17:02:15.351Z] [debug] [vite] connecting...
[2026-05-09T17:02:15.366Z] [debug] [vite] connected.
[2026-05-09T17:02:15.390Z] [info] %cDownload the React DevTools for a better development experience: https://reactjs.org/link/react-devtools font-weight:bold
[2026-05-09T17:02:15.411Z] [warning] ⚠️ React Router Future Flag Warning: React Router will begin wrapping state updates in `React.startTransition` in v7. You can use the `v7_startTransition` future flag to opt-in early. For more information, see https://reactrouter.com/v6/upgrading/future#v7_starttransition.
[2026-05-09T17:02:15.411Z] [warning] ⚠️ React Router Future Flag Warning: Relative route resolution within Splat routes is changing in v7. You can use the `v7_relativeSplatPath` future flag to opt-in early. For more information, see https://reactrouter.com/v6/upgrading/future#v7_relativesplatpath.
[2026-05-09T17:02:15.411Z] [warning] WebSocket connection to 'ws://localhost:5173/ws' failed: WebSocket is closed before the connection is established.
[2026-05-09T17:02:15.497Z] [error] Failed to load resource: the server responded with a status of 404 (Not Found)
[2026-05-09T17:02:16.507Z] [error] Failed to load resource: the server responded with a status of 404 (Not Found)
[2026-05-09T17:02:27.768Z] [error] Warning: Encountered two children with the same key, `%s`. Keys should be unique so that components maintain their identity across updates. Non-unique keys may cause children to be duplicated and/or omitted — the behavior is unsupported and could change in a future version.%s analysis 
    at ul
    at nav
    at ArticleOutline (http://localhost:5173/src/components/wiki/ArticleOutline.tsx:32:34)
    at div
    at div
    at aside
    at div
    at div
    at WikiExplorerView (http://localhost:5173/src/components/wiki/WikiExplorerView.tsx:38:18)
    at RenderedRoute (http://localhost:5173/node_modules/.vite/deps/react-router-dom.js?v=f32c85eb:4131:5)
    at Routes (http://localhost:5173/node_modules/.vite/deps/react-router-dom.js?v=f32c85eb:4601:5)
    at main
    at div
    at Layout (http://localhost:5173/src/components/shared/Layout.tsx:31:26)
    at AuthenticatedApp (http://localhost:5173/src/App.tsx:39:20)
    at ProtectedRoute (http://localhost:5173/src/components/auth/ProtectedRoute.tsx:20:42)
    at RenderedRoute (http://localhost:5173/node_modules/.vite/deps/react-router-dom.js?v=f32c85eb:4131:5)
    at Routes (http://localhost:5173/node_modules/.vite/deps/react-router-dom.js?v=f32c85eb:4601:5)
    at AuthProvider (http://localhost:5173/src/components/auth/AuthProvider.tsx:22:40)
    at App (http://localhost:5173/src/App.tsx:174:3)
    at Router (http://localhost:5173/node_modules/.vite/deps/react-router-dom.js?v=f32c85eb:4544:15)
    at BrowserRouter (http://localhost:5173/node_modules/.vite/deps/react-router-dom.js?v=f32c85eb:5290:5)
    at QueryClientProvider (http://localhost:5173/node_modules/.vite/deps/@tanstack_react-query.js?v=f32c85eb:3194:3)
[2026-05-09T17:02:27.768Z] [error] Warning: Encountered two children with the same key, `%s`. Keys should be unique so that components maintain their identity across updates. Non-unique keys may cause children to be duplicated and/or omitted — the behavior is unsupported and could change in a future version.%s open-questions 
    at ul
    at nav
    at ArticleOutline (http://localhost:5173/src/components/wiki/ArticleOutline.tsx:32:34)
    at div
    at div
    at aside
    at div
    at div
    at WikiExplorerView (http://localhost:5173/src/components/wiki/WikiExplorerView.tsx:38:18)
    at RenderedRoute (http://localhost:5173/node_modules/.vite/deps/react-router-dom.js?v=f32c85eb:4131:5)
    at Routes (http://localhost:5173/node_modules/.vite/deps/react-router-dom.js?v=f32c85eb:4601:5)
    at main
    at div
    at Layout (http://localhost:5173/src/components/shared/Layout.tsx:31:26)
    at AuthenticatedApp (http://localhost:5173/src/App.tsx:39:20)
    at ProtectedRoute (http://localhost:5173/src/components/auth/ProtectedRoute.tsx:20:42)
    at RenderedRoute (http://localhost:5173/node_modules/.vite/deps/react-router-dom.js?v=f32c85eb:4131:5)
    at Routes (http://localhost:5173/node_modules/.vite/deps/react-router-dom.js?v=f32c85eb:4601:5)
    at AuthProvider (http://localhost:5173/src/components/auth/AuthProvider.tsx:22:40)
    at App (http://localhost:5173/src/App.tsx:174:3)
    at Router (http://localhost:5173/node_modules/.vite/deps/react-router-dom.js?v=f32c85eb:4544:15)
    at BrowserRouter (http://localhost:5173/node_modules/.vite/deps/react-router-dom.js?v=f32c85eb:5290:5)
    at QueryClientProvider (http://localhost:5173/node_modules/.vite/deps/@tanstack_react-query.js?v=f32c85eb:3194:3)
[2026-05-09T17:02:27.797Z] [error] Failed to load resource: the server responded with a status of 404 (Not Found)
[2026-05-09T17:02:28.801Z] [error] Failed to load resource: the server responded with a status of 404 (Not Found)
[2026-05-09T17:02:38.176Z] [debug] [vite] connecting...
[2026-05-09T17:02:38.184Z] [debug] [vite] connected.
[2026-05-09T17:02:38.259Z] [info] %cDownload the React DevTools for a better development experience: https://reactjs.org/link/react-devtools font-weight:bold
[2026-05-09T17:02:38.287Z] [warning] ⚠️ React Router Future Flag Warning: React Router will begin wrapping state updates in `React.startTransition` in v7. You can use the `v7_startTransition` future flag to opt-in early. For more information, see https://reactrouter.com/v6/upgrading/future#v7_starttransition.
[2026-05-09T17:02:38.287Z] [warning] ⚠️ React Router Future Flag Warning: Relative route resolution within Splat routes is changing in v7. You can use the `v7_relativeSplatPath` future flag to opt-in early. For more information, see https://reactrouter.com/v6/upgrading/future#v7_relativesplatpath.
[2026-05-09T17:02:38.287Z] [warning] WebSocket connection to 'ws://localhost:5173/ws' failed: WebSocket is closed before the connection is established.
[2026-05-09T17:02:38.299Z] [error] Failed to load resource: the server responded with a status of 404 (Not Found)
[2026-05-09T17:02:39.303Z] [error] Failed to load resource: the server responded with a status of 404 (Not Found)
[2026-05-09T17:02:43.969Z] [error] Warning: Each child in a list should have a unique "key" prop.%s%s See https://reactjs.org/link/warning-keys for more information.%s 

Check the render method of `SearchBar`.  
    at li
    at SearchBar (http://localhost:5173/src/components/wiki/SearchBar.tsx:41:29)
    at div
    at div
    at header
    at div
    at WikiExplorerView (http://localhost:5173/src/components/wiki/WikiExplorerView.tsx:38:18)
    at RenderedRoute (http://localhost:5173/node_modules/.vite/deps/react-router-dom.js?v=f32c85eb:4131:5)
    at Routes (http://localhost:5173/node_modules/.vite/deps/react-router-dom.js?v=f32c85eb:4601:5)
    at main
    at div
    at Layout (http://localhost:5173/src/components/shared/Layout.tsx:31:26)
    at AuthenticatedApp (http://localhost:5173/src/App.tsx:39:20)
    at ProtectedRoute (http://localhost:5173/src/components/auth/ProtectedRoute.tsx:20:42)
    at RenderedRoute (http://localhost:5173/node_modules/.vite/deps/react-router-dom.js?v=f32c85eb:4131:5)
    at Routes (http://localhost:5173/node_modules/.vite/deps/react-router-dom.js?v=f32c85eb:4601:5)
    at AuthProvider (http://localhost:5173/src/components/auth/AuthProvider.tsx:22:40)
    at App (http://localhost:5173/src/App.tsx:174:3)
    at Router (http://localhost:5173/node_modules/.vite/deps/react-router-dom.js?v=f32c85eb:4544:15)
    at BrowserRouter (http://localhost:5173/node_modules/.vite/deps/react-router-dom.js?v=f32c85eb:5290:5)
    at QueryClientProvider (http://localhost:5173/node_modules/.vite/deps/@tanstack_react-query.js?v=f32c85eb:3194:3)
[2026-05-09T17:02:48.870Z] [debug] [vite] connecting...
[2026-05-09T17:02:48.875Z] [debug] [vite] connected.
[2026-05-09T17:02:48.913Z] [info] %cDownload the React DevTools for a better development experience: https://reactjs.org/link/react-devtools font-weight:bold
[2026-05-09T17:02:48.970Z] [warning] ⚠️ React Router Future Flag Warning: React Router will begin wrapping state updates in `React.startTransition` in v7. You can use the `v7_startTransition` future flag to opt-in early. For more information, see https://reactrouter.com/v6/upgrading/future#v7_starttransition.
[2026-05-09T17:02:48.970Z] [warning] ⚠️ React Router Future Flag Warning: Relative route resolution within Splat routes is changing in v7. You can use the `v7_relativeSplatPath` future flag to opt-in early. For more information, see https://reactrouter.com/v6/upgrading/future#v7_relativesplatpath.
[2026-05-09T17:02:48.970Z] [warning] WebSocket connection to 'ws://localhost:5173/ws' failed: WebSocket is closed before the connection is established.
[2026-05-09T17:03:11.359Z] [debug] [vite] connecting...
[2026-05-09T17:03:11.372Z] [debug] [vite] connected.
[2026-05-09T17:03:11.396Z] [info] %cDownload the React DevTools for a better development experience: https://reactjs.org/link/react-devtools font-weight:bold
[2026-05-09T17:03:11.452Z] [warning] ⚠️ React Router Future Flag Warning: React Router will begin wrapping state updates in `React.startTransition` in v7. You can use the `v7_startTransition` future flag to opt-in early. For more information, see https://reactrouter.com/v6/upgrading/future#v7_starttransition.
[2026-05-09T17:03:11.452Z] [warning] ⚠️ React Router Future Flag Warning: Relative route resolution within Splat routes is changing in v7. You can use the `v7_relativeSplatPath` future flag to opt-in early. For more information, see https://reactrouter.com/v6/upgrading/future#v7_relativesplatpath.
[2026-05-09T17:03:11.452Z] [warning] WebSocket connection to 'ws://localhost:5173/ws' failed: WebSocket is closed before the connection is established.
[2026-05-09T17:03:18.454Z] [debug] [vite] connecting...
[2026-05-09T17:03:18.459Z] [debug] [vite] connected.
[2026-05-09T17:03:18.493Z] [info] %cDownload the React DevTools for a better development experience: https://reactjs.org/link/react-devtools font-weight:bold
[2026-05-09T17:03:18.552Z] [warning] ⚠️ React Router Future Flag Warning: React Router will begin wrapping state updates in `React.startTransition` in v7. You can use the `v7_startTransition` future flag to opt-in early. For more information, see https://reactrouter.com/v6/upgrading/future#v7_starttransition.
[2026-05-09T17:03:18.552Z] [warning] ⚠️ React Router Future Flag Warning: Relative route resolution within Splat routes is changing in v7. You can use the `v7_relativeSplatPath` future flag to opt-in early. For more information, see https://reactrouter.com/v6/upgrading/future#v7_relativesplatpath.
[2026-05-09T17:03:18.552Z] [warning] WebSocket connection to 'ws://localhost:5173/ws' failed: WebSocket is closed before the connection is established.
[2026-05-09T17:03:18.585Z] [error] Failed to load resource: the server responded with a status of 404 (Not Found)
[2026-05-09T17:03:18.626Z] [error] Warning: Encountered two children with the same key, `%s`. Keys should be unique so that components maintain their identity across updates. Non-unique keys may cause children to be duplicated and/or omitted — the behavior is unsupported and could change in a future version.%s analysis 
    at ul
    at nav
    at ArticleOutline (http://localhost:5173/src/components/wiki/ArticleOutline.tsx:32:34)
    at div
    at div
    at aside
    at div
    at div
    at WikiExplorerView (http://localhost:5173/src/components/wiki/WikiExplorerView.tsx:38:18)
    at RenderedRoute (http://localhost:5173/node_modules/.vite/deps/react-router-dom.js?v=f32c85eb:4131:5)
    at Routes (http://localhost:5173/node_modules/.vite/deps/react-router-dom.js?v=f32c85eb:4601:5)
    at main
    at div
    at Layout (http://localhost:5173/src/components/shared/Layout.tsx:31:26)
    at AuthenticatedApp (http://localhost:5173/src/App.tsx:39:20)
    at ProtectedRoute (http://localhost:5173/src/components/auth/ProtectedRoute.tsx:20:42)
    at RenderedRoute (http://localhost:5173/node_modules/.vite/deps/react-router-dom.js?v=f32c85eb:4131:5)
    at Routes (http://localhost:5173/node_modules/.vite/deps/react-router-dom.js?v=f32c85eb:4601:5)
    at AuthProvider (http://localhost:5173/src/components/auth/AuthProvider.tsx:22:40)
    at App (http://localhost:5173/src/App.tsx:174:3)
    at Router (http://localhost:5173/node_modules/.vite/deps/react-router-dom.js?v=f32c85eb:4544:15)
    at BrowserRouter (http://localhost:5173/node_modules/.vite/deps/react-router-dom.js?v=f32c85eb:5290:5)
    at QueryClientProvider (http://localhost:5173/node_modules/.vite/deps/@tanstack_react-query.js?v=f32c85eb:3194:3)
[2026-05-09T17:03:18.626Z] [error] Warning: Encountered two children with the same key, `%s`. Keys should be unique so that components maintain their identity across updates. Non-unique keys may cause children to be duplicated and/or omitted — the behavior is unsupported and could change in a future version.%s open-questions 
    at ul
    at nav
    at ArticleOutline (http://localhost:5173/src/components/wiki/ArticleOutline.tsx:32:34)
    at div
    at div
    at aside
    at div
    at div
    at WikiExplorerView (http://localhost:5173/src/components/wiki/WikiExplorerView.tsx:38:18)
    at RenderedRoute (http://localhost:5173/node_modules/.vite/deps/react-router-dom.js?v=f32c85eb:4131:5)
    at Routes (http://localhost:5173/node_modules/.vite/deps/react-router-dom.js?v=f32c85eb:4601:5)
    at main
    at div
    at Layout (http://localhost:5173/src/components/shared/Layout.tsx:31:26)
    at AuthenticatedApp (http://localhost:5173/src/App.tsx:39:20)
    at ProtectedRoute (http://localhost:5173/src/components/auth/ProtectedRoute.tsx:20:42)
    at RenderedRoute (http://localhost:5173/node_modules/.vite/deps/react-router-dom.js?v=f32c85eb:4131:5)
    at Routes (http://localhost:5173/node_modules/.vite/deps/react-router-dom.js?v=f32c85eb:4601:5)
    at AuthProvider (http://localhost:5173/src/components/auth/AuthProvider.tsx:22:40)
    at App (http://localhost:5173/src/App.tsx:174:3)
    at Router (http://localhost:5173/node_modules/.vite/deps/react-router-dom.js?v=f32c85eb:4544:15)
    at BrowserRouter (http://localhost:5173/node_modules/.vite/deps/react-router-dom.js?v=f32c85eb:5290:5)
    at QueryClientProvider (http://localhost:5173/node_modules/.vite/deps/@tanstack_react-query.js?v=f32c85eb:3194:3)
[2026-05-09T17:03:18.628Z] [error] Failed to load resource: the server responded with a status of 404 (Not Found)
[2026-05-09T17:03:19.587Z] [error] Failed to load resource: the server responded with a status of 404 (Not Found)
[2026-05-09T17:03:19.630Z] [error] Failed to load resource: the server responded with a status of 404 (Not Found)
[2026-05-09T17:03:23.951Z] [debug] [vite] connecting...
[2026-05-09T17:03:23.957Z] [debug] [vite] connected.
[2026-05-09T17:03:24.042Z] [info] %cDownload the React DevTools for a better development experience: https://reactjs.org/link/react-devtools font-weight:bold
[2026-05-09T17:03:24.072Z] [warning] ⚠️ React Router Future Flag Warning: React Router will begin wrapping state updates in `React.startTransition` in v7. You can use the `v7_startTransition` future flag to opt-in early. For more information, see https://reactrouter.com/v6/upgrading/future#v7_starttransition.
[2026-05-09T17:03:24.072Z] [warning] ⚠️ React Router Future Flag Warning: Relative route resolution within Splat routes is changing in v7. You can use the `v7_relativeSplatPath` future flag to opt-in early. For more information, see https://reactrouter.com/v6/upgrading/future#v7_relativesplatpath.
[2026-05-09T17:03:24.072Z] [warning] WebSocket connection to 'ws://localhost:5173/ws' failed: WebSocket is closed before the connection is established.
[2026-05-09T17:03:31.847Z] [debug] [vite] connecting...
[2026-05-09T17:03:31.848Z] [debug] [vite] connected.
[2026-05-09T17:03:31.885Z] [info] %cDownload the React DevTools for a better development experience: https://reactjs.org/link/react-devtools font-weight:bold
[2026-05-09T17:03:31.943Z] [warning] ⚠️ React Router Future Flag Warning: React Router will begin wrapping state updates in `React.startTransition` in v7. You can use the `v7_startTransition` future flag to opt-in early. For more information, see https://reactrouter.com/v6/upgrading/future#v7_starttransition.
[2026-05-09T17:03:31.943Z] [warning] ⚠️ React Router Future Flag Warning: Relative route resolution within Splat routes is changing in v7. You can use the `v7_relativeSplatPath` future flag to opt-in early. For more information, see https://reactrouter.com/v6/upgrading/future#v7_relativesplatpath.
[2026-05-09T17:03:31.943Z] [warning] WebSocket connection to 'ws://localhost:5173/ws' failed: WebSocket is closed before the connection is established.
